{
  "0 debug pnpm:scope": {
    "selected": 1
  },
  "1 error pnpm": {
    "code": "ERR_PNPM_META_FETCH_FAIL",
    "attempts": 1,
    "err": {
      "name": "Error",
      "message": "GET https://registry.npmjs.org/pnpm: Value of \"this\" must be of type URLSearchParams",
      "code": "ERR_PNPM_META_FETCH_FAIL",
      "stack": "Error: GET https://registry.npmjs.org/pnpm: Value of \"this\" must be of type URLSearchParams\n    at RetryOperation._fn (/usr/local/lib/node_modules/pnpm/dist/pnpm.cjs:84944:18)"
    }
  },
  "2 debug pnpm": "Using cached meta from /Users/zzg/Library/Caches/pnpm/metadata/registry.npmjs.org/pnpm.json",
  "3 debug pnpm:update-check": {
    "currentVersion": "6.22.2",
    "latestVersion": "6.15.1"
  },
  "4 debug pnpm:package-manifest": {
    "initial": {},
    "prefix": "/usr/local/Cellar/node/21.7.1/pnpm-global/5"
  },
  "5 debug pnpm:context": {
    "currentLockfileExists": false,
    "storeDir": "/Users/zzg/.pnpm-store/v3",
    "virtualStoreDir": "/usr/local/Cellar/node/21.7.1/pnpm-global/5/node_modules/.pnpm"
  },
  "6 debug pnpm:stage": {
    "prefix": "/usr/local/Cellar/node/21.7.1/pnpm-global/5",
    "stage": "resolution_started"
  },
  "7 debug pnpm:request-retry": {
    "attempt": 1,
    "error": {
      "code": "ERR_INVALID_THIS"
    },
    "maxRetries": 2,
    "method": "GET",
    "timeout": 10000,
    "url": "https://registry.npmjs.org/revili"
  },
  "8 debug pnpm:request-retry": {
    "attempt": 2,
    "error": {
      "code": "ERR_INVALID_THIS"
    },
    "maxRetries": 2,
    "method": "GET",
    "timeout": 60000,
    "url": "https://registry.npmjs.org/revili"
  },
  "9 error pnpm": {
    "code": "ERR_PNPM_META_FETCH_FAIL",
    "attempts": 1,
    "pkgsStack": [],
    "err": {
      "name": "pnpm",
      "message": "GET https://registry.npmjs.org/revili: Value of \"this\" must be of type URLSearchParams",
      "code": "ERR_PNPM_META_FETCH_FAIL",
      "stack": "pnpm: GET https://registry.npmjs.org/revili: Value of \"this\" must be of type URLSearchParams\n    at RetryOperation._fn (/usr/local/lib/node_modules/pnpm/dist/pnpm.cjs:84944:18)"
    }
  }
}